{"name": "test_create_user", "status": "failed", "statusDetails": {"message": "AssertionError: assert '2024-10-19T11:06:23.525Z' == datetime.datetime(2024, 10, 19, 11, 6, 23, 352259)", "trace": "def test_create_user():\n        body = {\n            \"name\": \"morpheus\",\n            \"job\": \"leader\"\n        }\n        response = httpx.post(BASE_URL + CREATE_USER, json=body)\n        assert response.status_code == 201\n        response_json = response.json()\n        creation_date = response_json['createdAt']\n        current_date = datetime.datetime.utcnow()\n>       assert creation_date == current_date\nE       AssertionError: assert '2024-10-19T11:06:23.525Z' == datetime.datetime(2024, 10, 19, 11, 6, 23, 352259)\n\ntests/test_work_with_user_data.py:19: AssertionError"}, "start": 1729335982862, "stop": 1729335983353, "uuid": "1b234424-a814-4d5e-b609-17dffc46b7d1", "historyId": "dfb3373b0441451fbf3ef32cb0efdb69", "testCaseId": "dfb3373b0441451fbf3ef32cb0efdb69", "fullName": "tests.test_work_with_user_data#test_create_user", "labels": [{"name": "parentSuite", "value": "tests"}, {"name": "suite", "value": "test_work_with_user_data"}, {"name": "host", "value": "denis.local"}, {"name": "thread", "value": "21352-MainThread"}, {"name": "framework", "value": "pytest"}, {"name": "language", "value": "cpython3"}, {"name": "package", "value": "tests.test_work_with_user_data"}]}