{"name": "test_create_user", "status": "failed", "statusDetails": {"message": "AssertionError: assert '2024-10-19T11:15:46.992Z' == '2024-10-19 11:15:46.997132'\n  \n  - 2024-10-19 11:15:46.997132\n  ?           ^           ---\n  + 2024-10-19T11:15:46.992Z\n  ?           ^            +", "trace": "def test_create_user():\n        body = {\n            \"name\": \"morpheus\",\n            \"job\": \"leader\"\n        }\n        response = httpx.post(BASE_URL + CREATE_USER, json=body)\n        assert response.status_code == 201\n        response_json = response.json()\n        creation_date = response_json['createdAt']\n        current_date = str(datetime.datetime.utcnow()).replace(\"T\", \" \")\n>       assert creation_date == current_date\nE       AssertionError: assert '2024-10-19T11:15:46.992Z' == '2024-10-19 11:15:46.997132'\nE         \nE         - 2024-10-19 11:15:46.997132\nE         ?           ^           ---\nE         + 2024-10-19T11:15:46.992Z\nE         ?           ^            +\n\ntests/test_work_with_user_data.py:19: AssertionError"}, "start": 1729336545737, "stop": 1729336546998, "uuid": "de37f402-8f0a-4699-a403-e5f10ba44d36", "historyId": "dfb3373b0441451fbf3ef32cb0efdb69", "testCaseId": "dfb3373b0441451fbf3ef32cb0efdb69", "fullName": "tests.test_work_with_user_data#test_create_user", "labels": [{"name": "parentSuite", "value": "tests"}, {"name": "suite", "value": "test_work_with_user_data"}, {"name": "host", "value": "denis.local"}, {"name": "thread", "value": "21472-MainThread"}, {"name": "framework", "value": "pytest"}, {"name": "language", "value": "cpython3"}, {"name": "package", "value": "tests.test_work_with_user_data"}]}