{"name": "test_create_user", "status": "failed", "statusDetails": {"message": "AssertionError: assert '2024-10-19T11:22' == '2024-10-19 11:22'\n  \n  - 2024-10-19 11:22\n  ?           ^\n  + 2024-10-19T11:22\n  ?           ^", "trace": "def test_create_user():\n        body = {\n            \"name\": \"morpheus\",\n            \"job\": \"leader\"\n        }\n        response = httpx.post(BASE_URL + CREATE_USER, json=body)\n        assert response.status_code == 201\n        response_json = response.json()\n        creation_date = response_json['createdAt']\n        current_date = str(datetime.datetime.utcnow()).replace(\"T\", \" \")\n>       assert creation_date[0:16] == current_date[0:16] # указываем количество символов, до которых берём значение\nE       AssertionError: assert '2024-10-19T11:22' == '2024-10-19 11:22'\nE         \nE         - 2024-10-19 11:22\nE         ?           ^\nE         + 2024-10-19T11:22\nE         ?           ^\n\ntests/test_work_with_user_data.py:19: AssertionError"}, "start": 1729336976512, "stop": 1729336977284, "uuid": "34808786-b583-470d-b0e4-d7fe50c5a419", "historyId": "dfb3373b0441451fbf3ef32cb0efdb69", "testCaseId": "dfb3373b0441451fbf3ef32cb0efdb69", "fullName": "tests.test_work_with_user_data#test_create_user", "labels": [{"name": "parentSuite", "value": "tests"}, {"name": "suite", "value": "test_work_with_user_data"}, {"name": "host", "value": "denis.local"}, {"name": "thread", "value": "21545-MainThread"}, {"name": "framework", "value": "pytest"}, {"name": "language", "value": "cpython3"}, {"name": "package", "value": "tests.test_work_with_user_data"}]}