{"name": "test_create_user", "status": "failed", "statusDetails": {"message": "AssertionError: assert '2024-10-19T11:12:21.614Z' == '2024-10-19 11:12:21.467042'\n  \n  - 2024-10-19 11:12:21.467042\n  ?           ^          ^^^^^\n  + 2024-10-19T11:12:21.614Z\n  ?           ^         ++ ^", "trace": "def test_create_user():\n        body = {\n            \"name\": \"morpheus\",\n            \"job\": \"leader\"\n        }\n        response = httpx.post(BASE_URL + CREATE_USER, json=body)\n        assert response.status_code == 201\n        response_json = response.json()\n        creation_date = response_json['createdAt']\n        current_date = str(datetime.datetime.utcnow())\n>       assert creation_date == current_date\nE       AssertionError: assert '2024-10-19T11:12:21.614Z' == '2024-10-19 11:12:21.467042'\nE         \nE         - 2024-10-19 11:12:21.467042\nE         ?           ^          ^^^^^\nE         + 2024-10-19T11:12:21.614Z\nE         ?           ^         ++ ^\n\ntests/test_work_with_user_data.py:19: AssertionError"}, "start": 1729336340462, "stop": 1729336341468, "uuid": "2470296d-2ac3-448c-806f-626c371c0dc8", "historyId": "dfb3373b0441451fbf3ef32cb0efdb69", "testCaseId": "dfb3373b0441451fbf3ef32cb0efdb69", "fullName": "tests.test_work_with_user_data#test_create_user", "labels": [{"name": "parentSuite", "value": "tests"}, {"name": "suite", "value": "test_work_with_user_data"}, {"name": "host", "value": "denis.local"}, {"name": "thread", "value": "21426-MainThread"}, {"name": "framework", "value": "pytest"}, {"name": "language", "value": "cpython3"}, {"name": "package", "value": "tests.test_work_with_user_data"}]}