{"name": "test_create_user", "status": "failed", "statusDetails": {"message": "AssertionError: assert '2024-10-19T11:10:02.158Z' == datetime.datetime(2024, 10, 19, 11, 10, 2, 19028)", "trace": "def test_create_user():\n        body = {\n            \"name\": \"morpheus\",\n            \"job\": \"leader\"\n        }\n        response = httpx.post(BASE_URL + CREATE_USER, json=body)\n        assert response.status_code == 201\n        response_json = response.json()\n        creation_date = str(response_json['createdAt'])\n        current_date = datetime.datetime.utcnow()\n>       assert creation_date == current_date\nE       AssertionError: assert '2024-10-19T11:10:02.158Z' == datetime.datetime(2024, 10, 19, 11, 10, 2, 19028)\n\ntests/test_work_with_user_data.py:19: AssertionError"}, "start": 1729336201361, "stop": 1729336202020, "uuid": "340f6902-e2c0-478a-b403-75258c5141aa", "historyId": "dfb3373b0441451fbf3ef32cb0efdb69", "testCaseId": "dfb3373b0441451fbf3ef32cb0efdb69", "fullName": "tests.test_work_with_user_data#test_create_user", "labels": [{"name": "parentSuite", "value": "tests"}, {"name": "suite", "value": "test_work_with_user_data"}, {"name": "host", "value": "denis.local"}, {"name": "thread", "value": "21411-MainThread"}, {"name": "framework", "value": "pytest"}, {"name": "language", "value": "cpython3"}, {"name": "package", "value": "tests.test_work_with_user_data"}]}